<?xml version="1.0" encoding="UTF-8"?>
<!-- Generated by org.testng.reporters.JUnitReportReporter -->
<testsuite skipped="0" hostname="priyathakur" name="prudential.tests.Tests" tests="10" failures="0" timestamp="13 Oct 2018 13:30:58 GMT" time="83.270" errors="0">
  <testcase name="verifySite" time="0.242" classname="prudential.tests.Tests"/>
  <testcase name="invalidCities" time="4.129" classname="prudential.tests.Tests"/>
  <testcase name="validCities" time="0.655" classname="prudential.tests.Tests"/>
  <testcase name="validCities" time="0.377" classname="prudential.tests.Tests"/>
  <testcase name="validCities" time="1.433" classname="prudential.tests.Tests"/>
  <testcase name="invalidCityInputs" time="15.245" classname="prudential.tests.Tests"/>
  <testcase name="invalidCityInputs" time="15.258" classname="prudential.tests.Tests"/>
  <testcase name="invalidCityInputs" time="15.230" classname="prudential.tests.Tests"/>
  <testcase name="invalidCityInputs" time="15.412" classname="prudential.tests.Tests"/>
  <testcase name="invalidCityInputs" time="15.289" classname="prudential.tests.Tests"/>
</testsuite> <!-- prudential.tests.Tests -->
